<?xml version="1.0" encoding="UTF-8"?>
<!-- Generated by org.testng.reporters.JUnitReportReporter -->
<testsuite hostname="DESKTOP-N62URNS" failures="0" tests="2" name="com.ninza.crm.producttest.CreateProductTest" time="37.107" errors="0" timestamp="2025-09-10T19:16:07 IST" skipped="0">
  <testcase classname="com.ninza.crm.producttest.CreateProductTest" name="createProductWithMendatoryFieldTest" time="18.677"/>
  <testcase classname="com.ninza.crm.producttest.CreateProductTest" name="createProductWithMendatoryFieldTest" time="18.430"/>
</testsuite> <!-- com.ninza.crm.producttest.CreateProductTest -->
