<?xml version="1.0" encoding="UTF-8"?>
<!-- Generated by org.testng.reporters.JUnitReportReporter -->
<testsuite hostname="DESKTOP-N62URNS" failures="0" tests="1" name="practice" time="0.023" errors="0" timestamp="2025-08-20T18:02:28 IST" skipped="0">
  <testcase classname="practice" name="practice" time="0.023"/>
</testsuite> <!-- practice -->
