<?xml version="1.0" encoding="UTF-8"?>
<!-- Generated by org.testng.reporters.JUnitReportReporter -->
<testsuite hostname="DESKTOP-N62URNS" failures="0" tests="2" name="configurationannotation.NewTest" time="0.048" errors="0" timestamp="2025-08-28T17:34:37 IST" skipped="0">
  <testcase classname="configurationannotation.NewTest" name="test2" time="0.024"/>
  <testcase classname="configurationannotation.NewTest" name="test1" time="0.024"/>
</testsuite> <!-- configurationannotation.NewTest -->
