<?xml version="1.0" encoding="UTF-8"?>
<!-- Generated by org.testng.reporters.JUnitReportReporter -->
<testsuite hostname="DESKTOP-N62URNS" failures="0" tests="4" name="com.ninza.crm.campaignstest.CreateCamapignTest" time="32.743" errors="0" timestamp="2025-09-18T23:28:18 IST" skipped="0">
  <testcase classname="com.ninza.crm.campaignstest.CreateCamapignTest" name="createCampaignWithExpectedCloseDateTest" time="6.686"/>
  <testcase classname="com.ninza.crm.campaignstest.CreateCamapignTest" name="createCamapignWithMandataoryFieldsTest" time="9.779"/>
  <testcase classname="com.ninza.crm.campaignstest.CreateCamapignTest" name="createCampaignWithExpectedCloseDateTest" time="8.287"/>
  <testcase classname="com.ninza.crm.campaignstest.CreateCamapignTest" name="createCamapignWithMandataoryFieldsTest" time="7.991"/>
</testsuite> <!-- com.ninza.crm.campaignstest.CreateCamapignTest -->
