<?xml version="1.0" encoding="UTF-8"?>
<!-- Generated by org.testng.reporters.JUnitReportReporter -->
<testsuite hostname="DESKTOP-N62URNS" failures="0" tests="2" name="com.ninza.crm.producttest.CreateProductTest" time="26.648" errors="0" timestamp="2025-09-18T23:28:18 IST" skipped="0">
  <testcase classname="com.ninza.crm.producttest.CreateProductTest" name="createProductWithMendatoryFieldTest" time="13.321"/>
  <testcase classname="com.ninza.crm.producttest.CreateProductTest" name="createProductWithMendatoryFieldTest" time="13.327"/>
</testsuite> <!-- com.ninza.crm.producttest.CreateProductTest -->
