<?xml version="1.0" encoding="UTF-8"?>
<!-- Generated by org.testng.reporters.JUnitReportReporter -->
<testsuite hostname="DESKTOP-N62URNS" failures="0" tests="2" name="com.ninza.crm.campaignstest.CreateCamapignTest" time="27.176" errors="0" timestamp="2025-09-12T16:39:12 IST" skipped="0">
  <testcase classname="com.ninza.crm.campaignstest.CreateCamapignTest" name="createCamapignWithMandataoryFieldsTest" time="12.782"/>
  <testcase classname="com.ninza.crm.campaignstest.CreateCamapignTest" name="createCampaignWithExpectedCloseDateTest" time="14.394"/>
</testsuite> <!-- com.ninza.crm.campaignstest.CreateCamapignTest -->
